# JRE version: OpenJDK Runtime Environment Corretto-21.0.5.11.1 (21.0.5+11) (build 21.0.5+11-LTS)
# Java VM: OpenJDK 64-Bit Server VM Corretto-21.0.5.11.1 (21.0.5+11-LTS, mixed mode, emulated-client, sharing, tiered, compressed oops, compressed class ptrs, g1 gc, windows-amd64)
GC Precious Log:
 CardTable entry size: 512
 Card Set container configuration: InlinePtr #cards 5 size 8 Array Of Cards #cards 12 size 40 Howl #buckets 4 coarsen threshold 1843 Howl Bitmap #cards 512 size 80 coarsen threshold 460 Card regions per heap region 1 cards per card region 2048
 CPUs: 4 total, 4 available
 Memory: 7886M
 Large Page Support: Disabled
 NUMA Support: Disabled
 Compressed Oops: Enabled (32-bit)
 Heap Region Size: 1M
 Heap Min Capacity: 8M
 Heap Initial Capacity: 124M
 Heap Max Capacity: 1972M
 Pre-touch: Disabled
 Parallel Workers: 4
 Concurrent Workers: 1
 Concurrent Refinement Workers: 4
 Periodic GC: Disabled
Heap:
 garbage-first heap   total 73728K, used 33617K [0x0000000084c00000, 0x0000000100000000)
  region size 1024K, 11 young (11264K), 4 survivors (4096K)
 Metaspace       used 60337K, committed 60992K, reserved 1114112K
  class space    used 8358K, committed 8704K, reserved 1048576K
GC Heap History (20 events):
Event: 0.889 GC heap before
{Heap before GC invocations=1 (full 0):
 garbage-first heap   total 126976K, used 21504K [0x0000000084c00000, 0x0000000100000000)
  region size 1024K, 16 young (16384K), 2 survivors (2048K)
 Metaspace       used 8730K, committed 8960K, reserved 1114112K
  class space    used 1076K, committed 1216K, reserved 1048576K
}
Event: 0.894 GC heap after
{Heap after GC invocations=2 (full 0):
 garbage-first heap   total 126976K, used 9226K [0x0000000084c00000, 0x0000000100000000)
  region size 1024K, 2 young (2048K), 2 survivors (2048K)
 Metaspace       used 8730K, committed 8960K, reserved 1114112K
  class space    used 1076K, committed 1216K, reserved 1048576K
}
Event: 1.561 GC heap before
{Heap before GC invocations=2 (full 0):
 garbage-first heap   total 126976K, used 59402K [0x0000000084c00000, 0x0000000100000000)
  region size 1024K, 52 young (53248K), 2 survivors (2048K)
 Metaspace       used 20475K, committed 20864K, reserved 1114112K
  class space    used 2703K, committed 2880K, reserved 1048576K
}
Event: 1.569 GC heap after
{Heap after GC invocations=3 (full 0):
 garbage-first heap   total 126976K, used 13972K [0x0000000084c00000, 0x0000000100000000)
  region size 1024K, 7 young (7168K), 7 survivors (7168K)
 Metaspace       used 20475K, committed 20864K, reserved 1114112K
  class space    used 2703K, committed 2880K, reserved 1048576K
}
Event: 1.610 GC heap before
{Heap before GC invocations=3 (full 0):
 garbage-first heap   total 126976K, used 18068K [0x0000000084c00000, 0x0000000100000000)
  region size 1024K, 12 young (12288K), 7 survivors (7168K)
 Metaspace       used 21125K, committed 21504K, reserved 1114112K
  class space    used 2767K, committed 2944K, reserved 1048576K
}
Event: 1.617 GC heap after
{Heap after GC invocations=4 (full 0):
 garbage-first heap   total 126976K, used 14959K [0x0000000084c00000, 0x0000000100000000)
  region size 1024K, 6 young (6144K), 6 survivors (6144K)
 Metaspace       used 21125K, committed 21504K, reserved 1114112K
  class space    used 2767K, committed 2944K, reserved 1048576K
}
Event: 2.050 GC heap before
{Heap before GC invocations=5 (full 0):
 garbage-first heap   total 51200K, used 39535K [0x0000000084c00000, 0x0000000100000000)
  region size 1024K, 30 young (30720K), 6 survivors (6144K)
 Metaspace       used 23383K, committed 23744K, reserved 1114112K
  class space    used 3109K, committed 3264K, reserved 1048576K
}
Event: 2.062 GC heap after
{Heap after GC invocations=6 (full 0):
 garbage-first heap   total 51200K, used 16006K [0x0000000084c00000, 0x0000000100000000)
  region size 1024K, 3 young (3072K), 3 survivors (3072K)
 Metaspace       used 23383K, committed 23744K, reserved 1114112K
  class space    used 3109K, committed 3264K, reserved 1048576K
}
Event: 2.497 GC heap before
{Heap before GC invocations=6 (full 0):
 garbage-first heap   total 51200K, used 37510K [0x0000000084c00000, 0x0000000100000000)
  region size 1024K, 25 young (25600K), 3 survivors (3072K)
 Metaspace       used 27131K, committed 27648K, reserved 1114112K
  class space    used 3679K, committed 3904K, reserved 1048576K
}
Event: 2.503 GC heap after
{Heap after GC invocations=7 (full 0):
 garbage-first heap   total 61440K, used 18052K [0x0000000084c00000, 0x0000000100000000)
  region size 1024K, 4 young (4096K), 4 survivors (4096K)
 Metaspace       used 27131K, committed 27648K, reserved 1114112K
  class space    used 3679K, committed 3904K, reserved 1048576K
}
Event: 3.008 GC heap before
{Heap before GC invocations=7 (full 0):
 garbage-first heap   total 61440K, used 47748K [0x0000000084c00000, 0x0000000100000000)
  region size 1024K, 34 young (34816K), 4 survivors (4096K)
 Metaspace       used 32415K, committed 33024K, reserved 1114112K
  class space    used 4405K, committed 4672K, reserved 1048576K
}
Event: 3.015 GC heap after
{Heap after GC invocations=8 (full 0):
 garbage-first heap   total 61440K, used 20550K [0x0000000084c00000, 0x0000000100000000)
  region size 1024K, 5 young (5120K), 5 survivors (5120K)
 Metaspace       used 32415K, committed 33024K, reserved 1114112K
  class space    used 4405K, committed 4672K, reserved 1048576K
}
Event: 3.214 GC heap before
{Heap before GC invocations=8 (full 0):
 garbage-first heap   total 61440K, used 31814K [0x0000000084c00000, 0x0000000100000000)
  region size 1024K, 17 young (17408K), 5 survivors (5120K)
 Metaspace       used 35409K, committed 35968K, reserved 1114112K
  class space    used 4870K, committed 5120K, reserved 1048576K
}
Event: 3.220 GC heap after
{Heap after GC invocations=9 (full 0):
 garbage-first heap   total 61440K, used 21061K [0x0000000084c00000, 0x0000000100000000)
  region size 1024K, 3 young (3072K), 3 survivors (3072K)
 Metaspace       used 35409K, committed 35968K, reserved 1114112K
  class space    used 4870K, committed 5120K, reserved 1048576K
}
Event: 3.928 GC heap before
{Heap before GC invocations=10 (full 0):
 garbage-first heap   total 61440K, used 51781K [0x0000000084c00000, 0x0000000100000000)
  region size 1024K, 33 young (33792K), 3 survivors (3072K)
 Metaspace       used 45852K, committed 46464K, reserved 1114112K
  class space    used 6257K, committed 6528K, reserved 1048576K
}
Event: 3.935 GC heap after
{Heap after GC invocations=11 (full 0):
 garbage-first heap   total 61440K, used 23952K [0x0000000084c00000, 0x0000000100000000)
  region size 1024K, 4 young (4096K), 4 survivors (4096K)
 Metaspace       used 45852K, committed 46464K, reserved 1114112K
  class space    used 6257K, committed 6528K, reserved 1048576K
}
Event: 4.476 GC heap before
{Heap before GC invocations=11 (full 0):
 garbage-first heap   total 61440K, used 50576K [0x0000000084c00000, 0x0000000100000000)
  region size 1024K, 31 young (31744K), 4 survivors (4096K)
 Metaspace       used 53276K, committed 53952K, reserved 1114112K
  class space    used 7255K, committed 7552K, reserved 1048576K
}
Event: 4.483 GC heap after
{Heap after GC invocations=12 (full 0):
 garbage-first heap   total 73728K, used 25507K [0x0000000084c00000, 0x0000000100000000)
  region size 1024K, 2 young (2048K), 2 survivors (2048K)
 Metaspace       used 53276K, committed 53952K, reserved 1114112K
  class space    used 7255K, committed 7552K, reserved 1048576K
}
Event: 5.037 GC heap before
{Heap before GC invocations=12 (full 0):
 garbage-first heap   total 73728K, used 58275K [0x0000000084c00000, 0x0000000100000000)
  region size 1024K, 35 young (35840K), 2 survivors (2048K)
 Metaspace       used 59919K, committed 60480K, reserved 1114112K
  class space    used 8334K, committed 8576K, reserved 1048576K
}
Event: 5.042 GC heap after
{Heap after GC invocations=13 (full 0):
 garbage-first heap   total 73728K, used 27473K [0x0000000084c00000, 0x0000000100000000)
  region size 1024K, 4 young (4096K), 4 survivors (4096K)
 Metaspace       used 59919K, committed 60480K, reserved 1114112K
  class space    used 8334K, committed 8576K, reserved 1048576K
}

